Array
(
    [id] => 34
    [nombre] => Admin
    [apellido] => Admin
    [correo] => superadmin2025@gmail.com
    [cedula] => 123456789
    [clave] => 
    [confirmar_clave] => 
)

Array
(
    [id] => 30
    [nombre] => Usuario
    [apellido] => Personal
    [correo] => kexingdev@gmail.com
    [cedula] => 12181491
    [clave] => 
    [confirmar_clave] => 
)

Array
(
    [id] => 34
    [nombre] => Admin
    [apellido] => Admin
    [correo] => superadmin2025@gmail.com
    [cedula] => 123456789
    [clave] => 
    [confirmar_clave] => 
)

Array
(
    [id] => 30
    [nombre] => Usuario
    [apellido] => Personal
    [correo] => kexingdev@gmail.com
    [cedula] => 12181491
    [clave] => 
    [confirmar_clave] => 
)

Array
(
    [id] => 34
    [nombre] => Admin
    [apellido] => Admin
    [correo] => superadmin2025@gmail.com
    [cedula] => 123456789
    [clave] => 
    [confirmar_clave] => 
)

Array
(
    [id] => 34
    [nombre] => Admin
    [apellido] => Admin
    [correo] => superadmin2025@gmail.com
    [cedula] => 123456789
    [clave] => 
    [confirmar_clave] => 
)

